<?xml version="1.0" encoding="UTF-8"?>
<!-- Generated by org.testng.reporters.JUnitReportReporter -->
<testsuite hostname="DESKTOP-80P7PC3" failures="0" tests="1" name="com.apttesting.GetCall" time="5.098" errors="0" timestamp="2025-09-17T16:33:13 IST" skipped="0">
  <testcase classname="com.apttesting.GetCall" name="getmethod" time="5.098"/>
</testsuite> <!-- com.apttesting.GetCall -->
