<?xml version="1.0" encoding="UTF-8"?>
<!-- Generated by org.testng.reporters.JUnitReportReporter -->
<testsuite hostname="DESKTOP-80P7PC3" failures="0" tests="1" name="com.pomp.test.TestPage" time="0.883" errors="0" timestamp="2025-09-17T16:10:01 IST" skipped="0">
  <testcase classname="com.pomp.test.TestPage" name="updatePage" time="0.883"/>
</testsuite> <!-- com.pomp.test.TestPage -->
